Added Pin To Net: NetName=Switch_Up_CH0 Pin=P2-1
Added Pin To Net: NetName=Switch_Up_CH1 Pin=P2-2
Added Pin To Net: NetName=Switch_Up_CH2 Pin=P2-3
Added Pin To Net: NetName=Switch_Up_CH3 Pin=P2-4
Added Pin To Net: NetName=Switch_Up_CH4 Pin=P2-5
Added Pin To Net: NetName=Switch_Up_CH5 Pin=P2-6
Added Pin To Net: NetName=Switch_Up_CH6 Pin=P2-7
Added Pin To Net: NetName=Switch_Up_CH7 Pin=P2-8
Added Pin To Net: NetName=Switch_Up_CH9 Pin=P2-10
Added Pin To Net: NetName=Switch_Up_CH10 Pin=P2-11
Added Pin To Net: NetName=Switch_Up_CH11 Pin=P2-12
Added Pin To Net: NetName=Switch_Up_CH12 Pin=P2-13
Added Pin To Net: NetName=Switch_Up_CH13 Pin=P2-14
Added Pin To Net: NetName=Switch_Up_CH14 Pin=P2-15
Added Pin To Net: NetName=Switch_Up_CH15 Pin=P2-16
Added Pin To Net: NetName=Switch_Down_CH0 Pin=P3-1
Added Pin To Net: NetName=Switch_Down_CH1 Pin=P3-2
Added Pin To Net: NetName=Switch_Down_CH2 Pin=P3-3
Added Pin To Net: NetName=Switch_Down_CH3 Pin=P3-4
Added Pin To Net: NetName=Switch_Down_CH4 Pin=P3-5
Added Pin To Net: NetName=Switch_Down_CH5 Pin=P3-6
Added Pin To Net: NetName=Switch_Down_CH6 Pin=P3-7
Added Pin To Net: NetName=Switch_Down_CH7 Pin=P3-8
Added Pin To Net: NetName=Switch_Down_CH9 Pin=P3-10
Added Pin To Net: NetName=Switch_Down_CH10 Pin=P3-11
Added Pin To Net: NetName=Switch_Down_CH11 Pin=P3-12
Added Pin To Net: NetName=Switch_Down_CH12 Pin=P3-13
Added Pin To Net: NetName=Switch_Down_CH13 Pin=P3-14
Change Net Name : Old Net Name=Switch1_Down_CH8 New Net Name=Switch_Down_CH8
Change Net Name : Old Net Name=Switch1_Down_CH14 New Net Name=Switch_Down_CH14
Change Net Name : Old Net Name=Switch1_Down_CH15 New Net Name=Switch_Down_CH15
Change Net Name : Old Net Name=Switch1_Up_CH8 New Net Name=Switch_Up_CH8
Added Room: Name=µç×è
