Added Component: Designator=P4(ffc_1mm)
Add component. Clean all parameters for all variants
Add component (AddParameter): Name = "LatestRevisionDate"; Value = "17-Jul-2002"; VariantName = "[No Variations]"
Add component (AddParameter): Name = "LatestRevisionNote"; Value = "Re-released for DXP Platform."; VariantName = "[No Variations]"
Add component (AddParameter): Name = "Publisher"; Value = "Altium Limited"; VariantName = "[No Variations]"
Added Component: Designator=P5(ffc_1mm)
Add component. Clean all parameters for all variants
Add component (AddParameter): Name = "LatestRevisionDate"; Value = "17-Jul-2002"; VariantName = "[No Variations]"
Add component (AddParameter): Name = "LatestRevisionNote"; Value = "Re-released for DXP Platform."; VariantName = "[No Variations]"
Add component (AddParameter): Name = "Publisher"; Value = "Altium Limited"; VariantName = "[No Variations]"
Added Pin To Net: NetName=Switch_Up_CH0 Pin=P4-1
Added Pin To Net: NetName=Switch_Up_CH1 Pin=P4-2
Added Pin To Net: NetName=Switch_Up_CH2 Pin=P4-3
Added Pin To Net: NetName=Switch_Up_CH3 Pin=P4-4
Added Pin To Net: NetName=Switch_Up_CH4 Pin=P4-5
Added Pin To Net: NetName=Switch_Up_CH5 Pin=P4-6
Added Pin To Net: NetName=Switch_Up_CH6 Pin=P4-7
Added Pin To Net: NetName=Switch_Up_CH7 Pin=P4-8
Added Pin To Net: NetName=Switch_Up_CH8 Pin=P4-9
Added Pin To Net: NetName=Switch_Up_CH9 Pin=P4-10
Added Pin To Net: NetName=Switch_Up_CH10 Pin=P4-11
Added Pin To Net: NetName=Switch_Up_CH11 Pin=P4-12
Added Pin To Net: NetName=Switch_Up_CH12 Pin=P4-13
Added Pin To Net: NetName=Switch_Up_CH13 Pin=P4-14
Added Pin To Net: NetName=Switch_Up_CH14 Pin=P4-15
Added Pin To Net: NetName=Switch_Up_CH15 Pin=P4-16
Added Pin To Net: NetName=Switch_Down_CH0 Pin=P5-1
Added Pin To Net: NetName=Switch_Down_CH1 Pin=P5-2
Added Pin To Net: NetName=Switch_Down_CH2 Pin=P5-3
Added Pin To Net: NetName=Switch_Down_CH3 Pin=P5-4
Added Pin To Net: NetName=Switch_Down_CH4 Pin=P5-5
Added Pin To Net: NetName=Switch_Down_CH5 Pin=P5-6
Added Pin To Net: NetName=Switch_Down_CH6 Pin=P5-7
Added Pin To Net: NetName=Switch_Down_CH7 Pin=P5-8
Added Pin To Net: NetName=Switch_Down_CH8 Pin=P5-9
Added Pin To Net: NetName=Switch_Down_CH9 Pin=P5-10
Added Pin To Net: NetName=Switch_Down_CH10 Pin=P5-11
Added Pin To Net: NetName=Switch_Down_CH11 Pin=P5-12
Added Pin To Net: NetName=Switch_Down_CH12 Pin=P5-13
Added Pin To Net: NetName=Switch_Down_CH13 Pin=P5-14
Added Pin To Net: NetName=Switch_Down_CH14 Pin=P5-15
Added Pin To Net: NetName=Switch_Down_CH15 Pin=P5-16
Added Member To Class: ClassName=µç×è Member=Component P4 Header 16
Added Member To Class: ClassName=µç×è Member=Component P5 Header 16
Added Room: Name=µç×è
