Added Component: Designator=C5(Cap-TA)
Add component. Clean all parameters for all variants
Add component (AddParameter): Name = "LatestRevisionDate"; Value = "17-Jul-2002"; VariantName = "[No Variations]"
Add component (AddParameter): Name = "LatestRevisionNote"; Value = "Re-released for DXP Platform."; VariantName = "[No Variations]"
Add component (AddParameter): Name = "PackageDescription"; Value = "Polarized Capacitor; 2 Leads"; VariantName = "[No Variations]"
Add component (AddParameter): Name = "PackageReference"; Value = "POLAR0.8"; VariantName = "[No Variations]"
Add component (AddParameter): Name = "Published"; Value = "8-Jun-2000"; VariantName = "[No Variations]"
Add component (AddParameter): Name = "Publisher"; Value = "Altium Limited"; VariantName = "[No Variations]"
Add component (AddParameter): Name = "Value"; Value = "10uF"; VariantName = "[No Variations]"
Added Component: Designator=C6(0805C)
Add component. Clean all parameters for all variants
Add component (AddParameter): Name = "LatestRevisionDate"; Value = "17-Jul-2002"; VariantName = "[No Variations]"
Add component (AddParameter): Name = "LatestRevisionNote"; Value = "Re-released for DXP Platform."; VariantName = "[No Variations]"
Add component (AddParameter): Name = "PackageDescription"; Value = "Radial Cap, Thru-Hole; 2 Leads; 0.3 in Pin Spacing"; VariantName = "[No Variations]"
Add component (AddParameter): Name = "PackageReference"; Value = "RAD-0.3"; VariantName = "[No Variations]"
Add component (AddParameter): Name = "Published"; Value = "8-Jun-2000"; VariantName = "[No Variations]"
Add component (AddParameter): Name = "Publisher"; Value = "Altium Limited"; VariantName = "[No Variations]"
Add component (AddParameter): Name = "Value"; Value = "100nF"; VariantName = "[No Variations]"
Added Component: Designator=C7(Cap-TA)
Add component. Clean all parameters for all variants
Add component (AddParameter): Name = "LatestRevisionDate"; Value = "17-Jul-2002"; VariantName = "[No Variations]"
Add component (AddParameter): Name = "LatestRevisionNote"; Value = "Re-released for DXP Platform."; VariantName = "[No Variations]"
Add component (AddParameter): Name = "PackageDescription"; Value = "Polarized Capacitor; 2 Leads"; VariantName = "[No Variations]"
Add component (AddParameter): Name = "PackageReference"; Value = "POLAR0.8"; VariantName = "[No Variations]"
Add component (AddParameter): Name = "Published"; Value = "8-Jun-2000"; VariantName = "[No Variations]"
Add component (AddParameter): Name = "Publisher"; Value = "Altium Limited"; VariantName = "[No Variations]"
Add component (AddParameter): Name = "Value"; Value = "10uF"; VariantName = "[No Variations]"
Added Component: Designator=C8(0805C)
Add component. Clean all parameters for all variants
Add component (AddParameter): Name = "LatestRevisionDate"; Value = "17-Jul-2002"; VariantName = "[No Variations]"
Add component (AddParameter): Name = "LatestRevisionNote"; Value = "Re-released for DXP Platform."; VariantName = "[No Variations]"
Add component (AddParameter): Name = "PackageDescription"; Value = "Radial Cap, Thru-Hole; 2 Leads; 0.3 in Pin Spacing"; VariantName = "[No Variations]"
Add component (AddParameter): Name = "PackageReference"; Value = "RAD-0.3"; VariantName = "[No Variations]"
Add component (AddParameter): Name = "Published"; Value = "8-Jun-2000"; VariantName = "[No Variations]"
Add component (AddParameter): Name = "Publisher"; Value = "Altium Limited"; VariantName = "[No Variations]"
Add component (AddParameter): Name = "Value"; Value = "100nF"; VariantName = "[No Variations]"
Added Component: Designator=C9(Cap-TA)
Add component. Clean all parameters for all variants
Add component (AddParameter): Name = "LatestRevisionDate"; Value = "17-Jul-2002"; VariantName = "[No Variations]"
Add component (AddParameter): Name = "LatestRevisionNote"; Value = "Re-released for DXP Platform."; VariantName = "[No Variations]"
Add component (AddParameter): Name = "PackageDescription"; Value = "Polarized Capacitor; 2 Leads"; VariantName = "[No Variations]"
Add component (AddParameter): Name = "PackageReference"; Value = "POLAR0.8"; VariantName = "[No Variations]"
Add component (AddParameter): Name = "Published"; Value = "8-Jun-2000"; VariantName = "[No Variations]"
Add component (AddParameter): Name = "Publisher"; Value = "Altium Limited"; VariantName = "[No Variations]"
Add component (AddParameter): Name = "Value"; Value = "10uF"; VariantName = "[No Variations]"
Added Component: Designator=C10(0805C)
Add component. Clean all parameters for all variants
Add component (AddParameter): Name = "LatestRevisionDate"; Value = "17-Jul-2002"; VariantName = "[No Variations]"
Add component (AddParameter): Name = "LatestRevisionNote"; Value = "Re-released for DXP Platform."; VariantName = "[No Variations]"
Add component (AddParameter): Name = "PackageDescription"; Value = "Radial Cap, Thru-Hole; 2 Leads; 0.3 in Pin Spacing"; VariantName = "[No Variations]"
Add component (AddParameter): Name = "PackageReference"; Value = "RAD-0.3"; VariantName = "[No Variations]"
Add component (AddParameter): Name = "Published"; Value = "8-Jun-2000"; VariantName = "[No Variations]"
Add component (AddParameter): Name = "Publisher"; Value = "Altium Limited"; VariantName = "[No Variations]"
Add component (AddParameter): Name = "Value"; Value = "100nF"; VariantName = "[No Variations]"
Added Component: Designator=C11(Cap-TA)
Add component. Clean all parameters for all variants
Add component (AddParameter): Name = "LatestRevisionDate"; Value = "17-Jul-2002"; VariantName = "[No Variations]"
Add component (AddParameter): Name = "LatestRevisionNote"; Value = "Re-released for DXP Platform."; VariantName = "[No Variations]"
Add component (AddParameter): Name = "PackageDescription"; Value = "Polarized Capacitor; 2 Leads"; VariantName = "[No Variations]"
Add component (AddParameter): Name = "PackageReference"; Value = "POLAR0.8"; VariantName = "[No Variations]"
Add component (AddParameter): Name = "Published"; Value = "8-Jun-2000"; VariantName = "[No Variations]"
Add component (AddParameter): Name = "Publisher"; Value = "Altium Limited"; VariantName = "[No Variations]"
Add component (AddParameter): Name = "Value"; Value = "10uF"; VariantName = "[No Variations]"
Added Component: Designator=C12(0805C)
Add component. Clean all parameters for all variants
Add component (AddParameter): Name = "LatestRevisionDate"; Value = "17-Jul-2002"; VariantName = "[No Variations]"
Add component (AddParameter): Name = "LatestRevisionNote"; Value = "Re-released for DXP Platform."; VariantName = "[No Variations]"
Add component (AddParameter): Name = "PackageDescription"; Value = "Radial Cap, Thru-Hole; 2 Leads; 0.3 in Pin Spacing"; VariantName = "[No Variations]"
Add component (AddParameter): Name = "PackageReference"; Value = "RAD-0.3"; VariantName = "[No Variations]"
Add component (AddParameter): Name = "Published"; Value = "8-Jun-2000"; VariantName = "[No Variations]"
Add component (AddParameter): Name = "Publisher"; Value = "Altium Limited"; VariantName = "[No Variations]"
Add component (AddParameter): Name = "Value"; Value = "100nF"; VariantName = "[No Variations]"
Added Component: Designator=P1(XH2.54-LI-2P)
Add component. Clean all parameters for all variants
Add component (AddParameter): Name = "LatestRevisionDate"; Value = "17-Jul-2002"; VariantName = "[No Variations]"
Add component (AddParameter): Name = "LatestRevisionNote"; Value = "Re-released for DXP Platform."; VariantName = "[No Variations]"
Add component (AddParameter): Name = "Publisher"; Value = "Altium Limited"; VariantName = "[No Variations]"
Added Component: Designator=P2(HDR1X16)
Add component. Clean all parameters for all variants
Add component (AddParameter): Name = "LatestRevisionDate"; Value = "17-Jul-2002"; VariantName = "[No Variations]"
Add component (AddParameter): Name = "LatestRevisionNote"; Value = "Re-released for DXP Platform."; VariantName = "[No Variations]"
Add component (AddParameter): Name = "Publisher"; Value = "Altium Limited"; VariantName = "[No Variations]"
Added Component: Designator=P3(HDR1X16)
Add component. Clean all parameters for all variants
Add component (AddParameter): Name = "LatestRevisionDate"; Value = "17-Jul-2002"; VariantName = "[No Variations]"
Add component (AddParameter): Name = "LatestRevisionNote"; Value = "Re-released for DXP Platform."; VariantName = "[No Variations]"
Add component (AddParameter): Name = "Publisher"; Value = "Altium Limited"; VariantName = "[No Variations]"
Added Component: Designator=P19(HDR1X3)
Add component. Clean all parameters for all variants
Add component (AddParameter): Name = "LatestRevisionDate"; Value = "17-Jul-2002"; VariantName = "[No Variations]"
Add component (AddParameter): Name = "LatestRevisionNote"; Value = "Re-released for DXP Platform."; VariantName = "[No Variations]"
Add component (AddParameter): Name = "Publisher"; Value = "Altium Limited"; VariantName = "[No Variations]"
Added Component: Designator=P20(HDR1X3)
Add component. Clean all parameters for all variants
Add component (AddParameter): Name = "LatestRevisionDate"; Value = "17-Jul-2002"; VariantName = "[No Variations]"
Add component (AddParameter): Name = "LatestRevisionNote"; Value = "Re-released for DXP Platform."; VariantName = "[No Variations]"
Add component (AddParameter): Name = "Publisher"; Value = "Altium Limited"; VariantName = "[No Variations]"
Added Component: Designator=R4(0805R)
Add component. Clean all parameters for all variants
Add component (AddParameter): Name = "LatestRevisionDate"; Value = "17-Jul-2002"; VariantName = "[No Variations]"
Add component (AddParameter): Name = "LatestRevisionNote"; Value = "Re-released for DXP Platform."; VariantName = "[No Variations]"
Add component (AddParameter): Name = "PackageDescription"; Value = "Axial Device, Thru-Hole; 2 Leads; 0.4 in Pin Spacing"; VariantName = "[No Variations]"
Add component (AddParameter): Name = "PackageReference"; Value = "AXIAL-0.4"; VariantName = "[No Variations]"
Add component (AddParameter): Name = "Published"; Value = "8-Jun-2000"; VariantName = "[No Variations]"
Add component (AddParameter): Name = "Publisher"; Value = "Altium Limited"; VariantName = "[No Variations]"
Add component (AddParameter): Name = "Value"; Value = "1k"; VariantName = "[No Variations]"
Added Component: Designator=R5(0805R)
Add component. Clean all parameters for all variants
Add component (AddParameter): Name = "LatestRevisionDate"; Value = "17-Jul-2002"; VariantName = "[No Variations]"
Add component (AddParameter): Name = "LatestRevisionNote"; Value = "Re-released for DXP Platform."; VariantName = "[No Variations]"
Add component (AddParameter): Name = "PackageDescription"; Value = "Axial Device, Thru-Hole; 2 Leads; 0.4 in Pin Spacing"; VariantName = "[No Variations]"
Add component (AddParameter): Name = "PackageReference"; Value = "AXIAL-0.4"; VariantName = "[No Variations]"
Add component (AddParameter): Name = "Published"; Value = "8-Jun-2000"; VariantName = "[No Variations]"
Add component (AddParameter): Name = "Publisher"; Value = "Altium Limited"; VariantName = "[No Variations]"
Add component (AddParameter): Name = "Value"; Value = "1k"; VariantName = "[No Variations]"
Added Component: Designator=R6(0805R)
Add component. Clean all parameters for all variants
Add component (AddParameter): Name = "LatestRevisionDate"; Value = "17-Jul-2002"; VariantName = "[No Variations]"
Add component (AddParameter): Name = "LatestRevisionNote"; Value = "Re-released for DXP Platform."; VariantName = "[No Variations]"
Add component (AddParameter): Name = "PackageDescription"; Value = "Axial Device, Thru-Hole; 2 Leads; 0.4 in Pin Spacing"; VariantName = "[No Variations]"
Add component (AddParameter): Name = "PackageReference"; Value = "AXIAL-0.4"; VariantName = "[No Variations]"
Add component (AddParameter): Name = "Published"; Value = "8-Jun-2000"; VariantName = "[No Variations]"
Add component (AddParameter): Name = "Publisher"; Value = "Altium Limited"; VariantName = "[No Variations]"
Add component (AddParameter): Name = "Value"; Value = "1K"; VariantName = "[No Variations]"
Added Component: Designator=R7(0805R)
Add component. Clean all parameters for all variants
Add component (AddParameter): Name = "LatestRevisionDate"; Value = "17-Jul-2002"; VariantName = "[No Variations]"
Add component (AddParameter): Name = "LatestRevisionNote"; Value = "Re-released for DXP Platform."; VariantName = "[No Variations]"
Add component (AddParameter): Name = "PackageDescription"; Value = "Axial Device, Thru-Hole; 2 Leads; 0.4 in Pin Spacing"; VariantName = "[No Variations]"
Add component (AddParameter): Name = "PackageReference"; Value = "AXIAL-0.4"; VariantName = "[No Variations]"
Add component (AddParameter): Name = "Published"; Value = "8-Jun-2000"; VariantName = "[No Variations]"
Add component (AddParameter): Name = "Publisher"; Value = "Altium Limited"; VariantName = "[No Variations]"
Add component (AddParameter): Name = "Value"; Value = "1K"; VariantName = "[No Variations]"
Added Component: Designator=stm1(PCBComponent_1)
Add component. Clean all parameters for all variants
Added Component: Designator=U2(SO16)
Add component. Clean all parameters for all variants
Added Component: Designator=U3(SO16)
Add component. Clean all parameters for all variants
Added Component: Designator=U4(SO16)
Add component. Clean all parameters for all variants
Added Component: Designator=U5(SO16)
Add component. Clean all parameters for all variants
Added Pin To Net: NetName=ADC1 Pin=stm1-25
Added Pin To Net: NetName=ADC1 Pin=U3-3
Added Net: Name=ADC1
Added Pin To Net: NetName=ADC2 Pin=stm1-26
Added Pin To Net: NetName=ADC2 Pin=U5-3
Added Net: Name=ADC2
Added Pin To Net: NetName=AGND Pin=P1-1
Added Pin To Net: NetName=AGND Pin=P20-1
Added Pin To Net: NetName=AGND Pin=P20-2
Added Pin To Net: NetName=AGND Pin=P20-3
Added Pin To Net: NetName=AGND Pin=U2-3
Added Pin To Net: NetName=AGND Pin=U4-3
Added Net: Name=AGND
Added Pin To Net: NetName=DVDD_3V3 Pin=P19-1
Added Pin To Net: NetName=DVDD_3V3 Pin=P19-2
Added Pin To Net: NetName=DVDD_3V3 Pin=P19-3
Added Pin To Net: NetName=DVDD_3V3 Pin=stm1-20
Added Net: Name=DVDD_3V3
Added Pin To Net: NetName=GND Pin=C5-2
Added Pin To Net: NetName=GND Pin=C6-1
Added Pin To Net: NetName=GND Pin=C7-2
Added Pin To Net: NetName=GND Pin=C8-1
Added Pin To Net: NetName=GND Pin=C9-2
Added Pin To Net: NetName=GND Pin=C10-1
Added Pin To Net: NetName=GND Pin=C11-2
Added Pin To Net: NetName=GND Pin=C12-1
Added Pin To Net: NetName=GND Pin=R4-1
Added Pin To Net: NetName=GND Pin=R5-1
Added Pin To Net: NetName=GND Pin=R6-1
Added Pin To Net: NetName=GND Pin=R7-1
Added Pin To Net: NetName=GND Pin=stm1-19
Added Pin To Net: NetName=GND Pin=U2-7
Added Pin To Net: NetName=GND Pin=U2-8
Added Pin To Net: NetName=GND Pin=U3-7
Added Pin To Net: NetName=GND Pin=U3-8
Added Pin To Net: NetName=GND Pin=U4-7
Added Pin To Net: NetName=GND Pin=U4-8
Added Pin To Net: NetName=GND Pin=U5-7
Added Pin To Net: NetName=GND Pin=U5-8
Added Net: Name=GND
Added Net: Name=NetLED1_1
Added Pin To Net: NetName=Switch1_Down_A Pin=stm1-11
Added Pin To Net: NetName=Switch1_Down_A Pin=U2-11
Added Net: Name=Switch1_Down_A
Added Pin To Net: NetName=Switch1_Down_B Pin=stm1-12
Added Pin To Net: NetName=Switch1_Down_B Pin=U2-10
Added Net: Name=Switch1_Down_B
Added Pin To Net: NetName=Switch1_Down_CH0 Pin=P3-1
Added Net: Name=Switch1_Down_CH0
Added Pin To Net: NetName=Switch1_Down_CH1 Pin=P3-2
Added Net: Name=Switch1_Down_CH1
Added Pin To Net: NetName=Switch1_Down_CH2 Pin=P3-3
Added Net: Name=Switch1_Down_CH2
Added Pin To Net: NetName=Switch1_Down_CH3 Pin=P3-4
Added Net: Name=Switch1_Down_CH3
Added Pin To Net: NetName=Switch1_Down_CH4 Pin=P3-5
Added Net: Name=Switch1_Down_CH4
Added Pin To Net: NetName=Switch1_Down_CH5 Pin=P3-6
Added Net: Name=Switch1_Down_CH5
Added Pin To Net: NetName=Switch1_Down_CH6 Pin=P3-7
Added Net: Name=Switch1_Down_CH6
Added Pin To Net: NetName=Switch1_Down_CH7 Pin=P3-8
Added Net: Name=Switch1_Down_CH7
Added Pin To Net: NetName=Switch1_Down_CH8 Pin=P3-9
Added Net: Name=Switch1_Down_CH8
Added Pin To Net: NetName=Switch1_Down_CH9 Pin=P3-10
Added Net: Name=Switch1_Down_CH9
Added Pin To Net: NetName=Switch1_Down_CH10 Pin=P3-11
Added Net: Name=Switch1_Down_CH10
Added Pin To Net: NetName=Switch1_Down_CH11 Pin=P3-12
Added Net: Name=Switch1_Down_CH11
Added Pin To Net: NetName=Switch1_Down_CH12 Pin=P3-13
Added Net: Name=Switch1_Down_CH12
Added Pin To Net: NetName=Switch1_Down_CH13 Pin=P3-14
Added Net: Name=Switch1_Down_CH13
Added Pin To Net: NetName=Switch1_Down_CH14 Pin=P3-15
Added Net: Name=Switch1_Down_CH14
Added Pin To Net: NetName=Switch1_Down_CH15 Pin=P3-16
Added Net: Name=Switch1_Down_CH15
Added Pin To Net: NetName=Switch1_Down_C Pin=stm1-13
Added Pin To Net: NetName=Switch1_Down_C Pin=U2-9
Added Net: Name=Switch1_Down_C
Added Pin To Net: NetName=Switch1_Down_INH Pin=R4-2
Added Pin To Net: NetName=Switch1_Down_INH Pin=U2-6
Added Net: Name=Switch1_Down_INH
Added Pin To Net: NetName=Switch1_Up_A Pin=stm1-29
Added Pin To Net: NetName=Switch1_Up_A Pin=U3-11
Added Net: Name=Switch1_Up_A
Added Pin To Net: NetName=Switch1_Up_B Pin=stm1-28
Added Pin To Net: NetName=Switch1_Up_B Pin=U3-10
Added Net: Name=Switch1_Up_B
Added Pin To Net: NetName=Switch1_Up_CH0 Pin=P2-1
Added Net: Name=Switch1_Up_CH0
Added Pin To Net: NetName=Switch1_Up_CH1 Pin=P2-2
Added Net: Name=Switch1_Up_CH1
Added Pin To Net: NetName=Switch1_Up_CH2 Pin=P2-3
Added Net: Name=Switch1_Up_CH2
Added Pin To Net: NetName=Switch1_Up_CH3 Pin=P2-4
Added Net: Name=Switch1_Up_CH3
Added Pin To Net: NetName=Switch1_Up_CH4 Pin=P2-5
Added Net: Name=Switch1_Up_CH4
Added Pin To Net: NetName=Switch1_Up_CH5 Pin=P2-6
Added Net: Name=Switch1_Up_CH5
Added Pin To Net: NetName=Switch1_Up_CH6 Pin=P2-7
Added Net: Name=Switch1_Up_CH6
Added Pin To Net: NetName=Switch1_Up_CH7 Pin=P2-8
Added Net: Name=Switch1_Up_CH7
Added Pin To Net: NetName=Switch1_Up_CH8 Pin=P2-9
Added Net: Name=Switch1_Up_CH8
Added Pin To Net: NetName=Switch1_Up_CH9 Pin=P2-10
Added Net: Name=Switch1_Up_CH9
Added Pin To Net: NetName=Switch1_Up_CH10 Pin=P2-11
Added Net: Name=Switch1_Up_CH10
Added Pin To Net: NetName=Switch1_Up_CH11 Pin=P2-12
Added Net: Name=Switch1_Up_CH11
Added Pin To Net: NetName=Switch1_Up_CH12 Pin=P2-13
Added Net: Name=Switch1_Up_CH12
Added Pin To Net: NetName=Switch1_Up_CH13 Pin=P2-14
Added Net: Name=Switch1_Up_CH13
Added Pin To Net: NetName=Switch1_Up_CH14 Pin=P2-15
Added Net: Name=Switch1_Up_CH14
Added Pin To Net: NetName=Switch1_Up_CH15 Pin=P2-16
Added Net: Name=Switch1_Up_CH15
Added Pin To Net: NetName=Switch1_Up_C Pin=stm1-27
Added Pin To Net: NetName=Switch1_Up_C Pin=U3-9
Added Net: Name=Switch1_Up_C
Added Pin To Net: NetName=Switch1_Up_INH Pin=R5-2
Added Pin To Net: NetName=Switch1_Up_INH Pin=U3-6
Added Net: Name=Switch1_Up_INH
Added Pin To Net: NetName=Switch2_Down__INH Pin=R6-2
Added Pin To Net: NetName=Switch2_Down__INH Pin=U4-6
Added Net: Name=Switch2_Down__INH
Added Pin To Net: NetName=Switch2_Down_A Pin=stm1-14
Added Pin To Net: NetName=Switch2_Down_A Pin=U4-11
Added Net: Name=Switch2_Down_A
Added Pin To Net: NetName=Switch2_Down_B Pin=stm1-15
Added Pin To Net: NetName=Switch2_Down_B Pin=U4-10
Added Net: Name=Switch2_Down_B
Added Pin To Net: NetName=Switch2_Up_A Pin=stm1-32
Added Pin To Net: NetName=Switch2_Up_A Pin=U5-11
Added Net: Name=Switch2_Up_A
Added Pin To Net: NetName=Switch2_Up_B Pin=stm1-31
Added Pin To Net: NetName=Switch2_Up_B Pin=U5-10
Added Net: Name=Switch2_Up_B
Added Pin To Net: NetName=Switch2_Up_INH Pin=R7-2
Added Pin To Net: NetName=Switch2_Up_INH Pin=U5-6
Added Net: Name=Switch2_Up_INH
Added Pin To Net: NetName=Switch3_Down_C Pin=stm1-16
Added Pin To Net: NetName=Switch3_Down_C Pin=U4-9
Added Net: Name=Switch3_Down_C
Added Pin To Net: NetName=Switch3_Up_C Pin=stm1-30
Added Pin To Net: NetName=Switch3_Up_C Pin=U5-9
Added Net: Name=Switch3_Up_C
Added Pin To Net: NetName=Switch_Down__CH14 Pin=U4-2
Added Net: Name=Switch_Down__CH14
Added Pin To Net: NetName=Switch_Down__CH15 Pin=U4-5
Added Net: Name=Switch_Down__CH15
Added Pin To Net: NetName=Switch_Down_CH0 Pin=U2-13
Added Net: Name=Switch_Down_CH0
Added Pin To Net: NetName=Switch_Down_CH1 Pin=U2-14
Added Net: Name=Switch_Down_CH1
Added Pin To Net: NetName=Switch_Down_CH2 Pin=U2-15
Added Net: Name=Switch_Down_CH2
Added Pin To Net: NetName=Switch_Down_CH3 Pin=U2-12
Added Net: Name=Switch_Down_CH3
Added Pin To Net: NetName=Switch_Down_CH4 Pin=U2-1
Added Net: Name=Switch_Down_CH4
Added Pin To Net: NetName=Switch_Down_CH5 Pin=U2-2
Added Net: Name=Switch_Down_CH5
Added Pin To Net: NetName=Switch_Down_CH6 Pin=U2-5
Added Net: Name=Switch_Down_CH6
Added Pin To Net: NetName=Switch_Down_CH7 Pin=U2-4
Added Net: Name=Switch_Down_CH7
Added Pin To Net: NetName=Switch_Down_CH9 Pin=U4-13
Added Net: Name=Switch_Down_CH9
Added Pin To Net: NetName=Switch_Down_CH10 Pin=U4-14
Added Net: Name=Switch_Down_CH10
Added Pin To Net: NetName=Switch_Down_CH11 Pin=U4-15
Added Net: Name=Switch_Down_CH11
Added Pin To Net: NetName=Switch_Down_CH12 Pin=U4-12
Added Net: Name=Switch_Down_CH12
Added Pin To Net: NetName=Switch_Down_CH13 Pin=U4-1
Added Net: Name=Switch_Down_CH13
Added Pin To Net: NetName=Switch_Down_CH16 Pin=U4-4
Added Net: Name=Switch_Down_CH16
Added Pin To Net: NetName=Switch_Up_CH0 Pin=U3-13
Added Net: Name=Switch_Up_CH0
Added Pin To Net: NetName=Switch_Up_CH1 Pin=U3-14
Added Net: Name=Switch_Up_CH1
Added Pin To Net: NetName=Switch_Up_CH2 Pin=U3-15
Added Net: Name=Switch_Up_CH2
Added Pin To Net: NetName=Switch_Up_CH3 Pin=U3-12
Added Net: Name=Switch_Up_CH3
Added Pin To Net: NetName=Switch_Up_CH4 Pin=U3-1
Added Net: Name=Switch_Up_CH4
Added Pin To Net: NetName=Switch_Up_CH5 Pin=U3-2
Added Net: Name=Switch_Up_CH5
Added Pin To Net: NetName=Switch_Up_CH6 Pin=U3-5
Added Net: Name=Switch_Up_CH6
Added Pin To Net: NetName=Switch_Up_CH7 Pin=U3-4
Added Net: Name=Switch_Up_CH7
Added Pin To Net: NetName=Switch_Up_CH9 Pin=U5-13
Added Net: Name=Switch_Up_CH9
Added Pin To Net: NetName=Switch_Up_CH10 Pin=U5-14
Added Net: Name=Switch_Up_CH10
Added Pin To Net: NetName=Switch_Up_CH11 Pin=U5-15
Added Net: Name=Switch_Up_CH11
Added Pin To Net: NetName=Switch_Up_CH12 Pin=U5-12
Added Net: Name=Switch_Up_CH12
Added Pin To Net: NetName=Switch_Up_CH13 Pin=U5-1
Added Net: Name=Switch_Up_CH13
Added Pin To Net: NetName=Switch_Up_CH14 Pin=U5-2
Added Net: Name=Switch_Up_CH14
Added Pin To Net: NetName=Switch_Up_CH15 Pin=U5-5
Added Net: Name=Switch_Up_CH15
Added Pin To Net: NetName=Switch_Up_CH16 Pin=U5-4
Added Net: Name=Switch_Up_CH16
Added Pin To Net: NetName=VDD_3V3 Pin=C5-1
Added Pin To Net: NetName=VDD_3V3 Pin=C6-2
Added Pin To Net: NetName=VDD_3V3 Pin=C7-1
Added Pin To Net: NetName=VDD_3V3 Pin=C8-2
Added Pin To Net: NetName=VDD_3V3 Pin=C9-1
Added Pin To Net: NetName=VDD_3V3 Pin=C10-2
Added Pin To Net: NetName=VDD_3V3 Pin=C11-1
Added Pin To Net: NetName=VDD_3V3 Pin=C12-2
Added Pin To Net: NetName=VDD_3V3 Pin=U2-16
Added Pin To Net: NetName=VDD_3V3 Pin=U3-16
Added Pin To Net: NetName=VDD_3V3 Pin=U4-16
Added Pin To Net: NetName=VDD_3V3 Pin=U5-16
Added Net: Name=VDD_3V3
Added Pin To Net: NetName=VDD_5V Pin=P1-2
Added Net: Name=VDD_5V
Added Class: Name=µç×è
Added Room: Name=µç×è
