Removed Pin From Net: NetName=ADC9 Pin=P10-1
Removed Pin From Net: NetName=ADC10 Pin=P12-1
Removed Pin From Net: NetName=ADC11 Pin=P13-1
Removed Pin From Net: NetName=ADC12 Pin=P14-1
Removed Pin From Net: NetName=ADC13 Pin=P15-1
Removed Pin From Net: NetName=ADC14 Pin=P16-1
Removed Pin From Net: NetName=ADC15 Pin=P17-1
Removed Pin From Net: NetName=ADC16 Pin=P18-1
Removed Pin From Net: NetName=ADC9 Pin=R10-1
Removed Pin From Net: NetName=ADC10 Pin=R11-1
Removed Pin From Net: NetName=ADC11 Pin=R12-1
Removed Pin From Net: NetName=ADC12 Pin=R13-1
Removed Pin From Net: NetName=ADC13 Pin=R14-1
Removed Pin From Net: NetName=ADC14 Pin=R15-1
Removed Pin From Net: NetName=ADC15 Pin=R16-1
Removed Pin From Net: NetName=ADC16 Pin=R17-1
Added Pin To Net: NetName=ADC16 Pin=P10-1
Added Pin To Net: NetName=ADC15 Pin=P12-1
Added Pin To Net: NetName=ADC14 Pin=P13-1
Added Pin To Net: NetName=ADC13 Pin=P14-1
Added Pin To Net: NetName=ADC12 Pin=P15-1
Added Pin To Net: NetName=ADC11 Pin=P16-1
Added Pin To Net: NetName=ADC10 Pin=P17-1
Added Pin To Net: NetName=ADC9 Pin=P18-1
Added Pin To Net: NetName=ADC16 Pin=R10-1
Added Pin To Net: NetName=ADC15 Pin=R11-1
Added Pin To Net: NetName=ADC14 Pin=R12-1
Added Pin To Net: NetName=ADC13 Pin=R13-1
Added Pin To Net: NetName=ADC12 Pin=R14-1
Added Pin To Net: NetName=ADC11 Pin=R15-1
Added Pin To Net: NetName=ADC10 Pin=R16-1
Added Pin To Net: NetName=ADC9 Pin=R17-1
Added Room: Name=µç×è
