Added Component: Designator=C1(Cap-TA)
Add component. Clean all parameters for all variants
Add component (AddParameter): Name = "LatestRevisionDate"; Value = "17-Jul-2002"; VariantName = "[No Variations]"
Add component (AddParameter): Name = "LatestRevisionNote"; Value = "Re-released for DXP Platform."; VariantName = "[No Variations]"
Add component (AddParameter): Name = "PackageDescription"; Value = "Polarized Capacitor; 2 Leads"; VariantName = "[No Variations]"
Add component (AddParameter): Name = "PackageReference"; Value = "POLAR0.8"; VariantName = "[No Variations]"
Add component (AddParameter): Name = "Published"; Value = "8-Jun-2000"; VariantName = "[No Variations]"
Add component (AddParameter): Name = "Publisher"; Value = "Altium Limited"; VariantName = "[No Variations]"
Add component (AddParameter): Name = "Value"; Value = "10uF"; VariantName = "[No Variations]"
Added Component: Designator=C2(0805C)
Add component. Clean all parameters for all variants
Add component (AddParameter): Name = "LatestRevisionDate"; Value = "17-Jul-2002"; VariantName = "[No Variations]"
Add component (AddParameter): Name = "LatestRevisionNote"; Value = "Re-released for DXP Platform."; VariantName = "[No Variations]"
Add component (AddParameter): Name = "PackageDescription"; Value = "Radial Cap, Thru-Hole; 2 Leads; 0.3 in Pin Spacing"; VariantName = "[No Variations]"
Add component (AddParameter): Name = "PackageReference"; Value = "RAD-0.3"; VariantName = "[No Variations]"
Add component (AddParameter): Name = "Published"; Value = "8-Jun-2000"; VariantName = "[No Variations]"
Add component (AddParameter): Name = "Publisher"; Value = "Altium Limited"; VariantName = "[No Variations]"
Add component (AddParameter): Name = "Value"; Value = "100nF"; VariantName = "[No Variations]"
Added Component: Designator=C3(0805C)
Add component. Clean all parameters for all variants
Add component (AddParameter): Name = "LatestRevisionDate"; Value = "17-Jul-2002"; VariantName = "[No Variations]"
Add component (AddParameter): Name = "LatestRevisionNote"; Value = "Re-released for DXP Platform."; VariantName = "[No Variations]"
Add component (AddParameter): Name = "PackageDescription"; Value = "Radial Cap, Thru-Hole; 2 Leads; 0.3 in Pin Spacing"; VariantName = "[No Variations]"
Add component (AddParameter): Name = "PackageReference"; Value = "RAD-0.3"; VariantName = "[No Variations]"
Add component (AddParameter): Name = "Published"; Value = "8-Jun-2000"; VariantName = "[No Variations]"
Add component (AddParameter): Name = "Publisher"; Value = "Altium Limited"; VariantName = "[No Variations]"
Add component (AddParameter): Name = "Value"; Value = "100nF"; VariantName = "[No Variations]"
Added Component: Designator=C4(Cap-TA)
Add component. Clean all parameters for all variants
Add component (AddParameter): Name = "LatestRevisionDate"; Value = "17-Jul-2002"; VariantName = "[No Variations]"
Add component (AddParameter): Name = "LatestRevisionNote"; Value = "Re-released for DXP Platform."; VariantName = "[No Variations]"
Add component (AddParameter): Name = "PackageDescription"; Value = "Polarized Capacitor; 2 Leads"; VariantName = "[No Variations]"
Add component (AddParameter): Name = "PackageReference"; Value = "POLAR0.8"; VariantName = "[No Variations]"
Add component (AddParameter): Name = "Published"; Value = "8-Jun-2000"; VariantName = "[No Variations]"
Add component (AddParameter): Name = "Publisher"; Value = "Altium Limited"; VariantName = "[No Variations]"
Add component (AddParameter): Name = "Value"; Value = "10uF"; VariantName = "[No Variations]"
Added Component: Designator=C5(0805C)
Add component. Clean all parameters for all variants
Add component (AddParameter): Name = "LatestRevisionDate"; Value = "17-Jul-2002"; VariantName = "[No Variations]"
Add component (AddParameter): Name = "LatestRevisionNote"; Value = "Re-released for DXP Platform."; VariantName = "[No Variations]"
Add component (AddParameter): Name = "PackageDescription"; Value = "Radial Cap, Thru-Hole; 2 Leads; 0.3 in Pin Spacing"; VariantName = "[No Variations]"
Add component (AddParameter): Name = "PackageReference"; Value = "RAD-0.3"; VariantName = "[No Variations]"
Add component (AddParameter): Name = "Published"; Value = "8-Jun-2000"; VariantName = "[No Variations]"
Add component (AddParameter): Name = "Publisher"; Value = "Altium Limited"; VariantName = "[No Variations]"
Add component (AddParameter): Name = "Value"; Value = "100nF"; VariantName = "[No Variations]"
Added Component: Designator=C6(0805C)
Add component. Clean all parameters for all variants
Add component (AddParameter): Name = "LatestRevisionDate"; Value = "17-Jul-2002"; VariantName = "[No Variations]"
Add component (AddParameter): Name = "LatestRevisionNote"; Value = "Re-released for DXP Platform."; VariantName = "[No Variations]"
Add component (AddParameter): Name = "PackageDescription"; Value = "Radial Cap, Thru-Hole; 2 Leads; 0.3 in Pin Spacing"; VariantName = "[No Variations]"
Add component (AddParameter): Name = "PackageReference"; Value = "RAD-0.3"; VariantName = "[No Variations]"
Add component (AddParameter): Name = "Published"; Value = "8-Jun-2000"; VariantName = "[No Variations]"
Add component (AddParameter): Name = "Publisher"; Value = "Altium Limited"; VariantName = "[No Variations]"
Add component (AddParameter): Name = "Value"; Value = "100nF"; VariantName = "[No Variations]"
Added Component: Designator=C7(Cap-TA)
Add component. Clean all parameters for all variants
Add component (AddParameter): Name = "LatestRevisionDate"; Value = "17-Jul-2002"; VariantName = "[No Variations]"
Add component (AddParameter): Name = "LatestRevisionNote"; Value = "Re-released for DXP Platform."; VariantName = "[No Variations]"
Add component (AddParameter): Name = "PackageDescription"; Value = "Polarized Capacitor; 2 Leads"; VariantName = "[No Variations]"
Add component (AddParameter): Name = "PackageReference"; Value = "POLAR0.8"; VariantName = "[No Variations]"
Add component (AddParameter): Name = "Published"; Value = "8-Jun-2000"; VariantName = "[No Variations]"
Add component (AddParameter): Name = "Publisher"; Value = "Altium Limited"; VariantName = "[No Variations]"
Add component (AddParameter): Name = "Value"; Value = "10uF"; VariantName = "[No Variations]"
Added Component: Designator=C8(0805C)
Add component. Clean all parameters for all variants
Add component (AddParameter): Name = "LatestRevisionDate"; Value = "17-Jul-2002"; VariantName = "[No Variations]"
Add component (AddParameter): Name = "LatestRevisionNote"; Value = "Re-released for DXP Platform."; VariantName = "[No Variations]"
Add component (AddParameter): Name = "PackageDescription"; Value = "Radial Cap, Thru-Hole; 2 Leads; 0.3 in Pin Spacing"; VariantName = "[No Variations]"
Add component (AddParameter): Name = "PackageReference"; Value = "RAD-0.3"; VariantName = "[No Variations]"
Add component (AddParameter): Name = "Published"; Value = "8-Jun-2000"; VariantName = "[No Variations]"
Add component (AddParameter): Name = "Publisher"; Value = "Altium Limited"; VariantName = "[No Variations]"
Add component (AddParameter): Name = "Value"; Value = "100nF"; VariantName = "[No Variations]"
Added Component: Designator=C9(Cap-TA)
Add component. Clean all parameters for all variants
Add component (AddParameter): Name = "LatestRevisionDate"; Value = "17-Jul-2002"; VariantName = "[No Variations]"
Add component (AddParameter): Name = "LatestRevisionNote"; Value = "Re-released for DXP Platform."; VariantName = "[No Variations]"
Add component (AddParameter): Name = "PackageDescription"; Value = "Polarized Capacitor; 2 Leads"; VariantName = "[No Variations]"
Add component (AddParameter): Name = "PackageReference"; Value = "POLAR0.8"; VariantName = "[No Variations]"
Add component (AddParameter): Name = "Published"; Value = "8-Jun-2000"; VariantName = "[No Variations]"
Add component (AddParameter): Name = "Publisher"; Value = "Altium Limited"; VariantName = "[No Variations]"
Add component (AddParameter): Name = "Value"; Value = "10uF"; VariantName = "[No Variations]"
Added Component: Designator=C10(0805C)
Add component. Clean all parameters for all variants
Add component (AddParameter): Name = "LatestRevisionDate"; Value = "17-Jul-2002"; VariantName = "[No Variations]"
Add component (AddParameter): Name = "LatestRevisionNote"; Value = "Re-released for DXP Platform."; VariantName = "[No Variations]"
Add component (AddParameter): Name = "PackageDescription"; Value = "Radial Cap, Thru-Hole; 2 Leads; 0.3 in Pin Spacing"; VariantName = "[No Variations]"
Add component (AddParameter): Name = "PackageReference"; Value = "RAD-0.3"; VariantName = "[No Variations]"
Add component (AddParameter): Name = "Published"; Value = "8-Jun-2000"; VariantName = "[No Variations]"
Add component (AddParameter): Name = "Publisher"; Value = "Altium Limited"; VariantName = "[No Variations]"
Add component (AddParameter): Name = "Value"; Value = "100nF"; VariantName = "[No Variations]"
Added Component: Designator=C11(Cap-TA)
Add component. Clean all parameters for all variants
Add component (AddParameter): Name = "LatestRevisionDate"; Value = "17-Jul-2002"; VariantName = "[No Variations]"
Add component (AddParameter): Name = "LatestRevisionNote"; Value = "Re-released for DXP Platform."; VariantName = "[No Variations]"
Add component (AddParameter): Name = "PackageDescription"; Value = "Polarized Capacitor; 2 Leads"; VariantName = "[No Variations]"
Add component (AddParameter): Name = "PackageReference"; Value = "POLAR0.8"; VariantName = "[No Variations]"
Add component (AddParameter): Name = "Published"; Value = "8-Jun-2000"; VariantName = "[No Variations]"
Add component (AddParameter): Name = "Publisher"; Value = "Altium Limited"; VariantName = "[No Variations]"
Add component (AddParameter): Name = "Value"; Value = "10uF"; VariantName = "[No Variations]"
Added Component: Designator=C12(0805C)
Add component. Clean all parameters for all variants
Add component (AddParameter): Name = "LatestRevisionDate"; Value = "17-Jul-2002"; VariantName = "[No Variations]"
Add component (AddParameter): Name = "LatestRevisionNote"; Value = "Re-released for DXP Platform."; VariantName = "[No Variations]"
Add component (AddParameter): Name = "PackageDescription"; Value = "Radial Cap, Thru-Hole; 2 Leads; 0.3 in Pin Spacing"; VariantName = "[No Variations]"
Add component (AddParameter): Name = "PackageReference"; Value = "RAD-0.3"; VariantName = "[No Variations]"
Add component (AddParameter): Name = "Published"; Value = "8-Jun-2000"; VariantName = "[No Variations]"
Add component (AddParameter): Name = "Publisher"; Value = "Altium Limited"; VariantName = "[No Variations]"
Add component (AddParameter): Name = "Value"; Value = "100nF"; VariantName = "[No Variations]"
Added Component: Designator=C13(Cap-TA)
Add component. Clean all parameters for all variants
Add component (AddParameter): Name = "LatestRevisionDate"; Value = "17-Jul-2002"; VariantName = "[No Variations]"
Add component (AddParameter): Name = "LatestRevisionNote"; Value = "Re-released for DXP Platform."; VariantName = "[No Variations]"
Add component (AddParameter): Name = "PackageDescription"; Value = "Polarized Capacitor; 2 Leads"; VariantName = "[No Variations]"
Add component (AddParameter): Name = "PackageReference"; Value = "POLAR0.8"; VariantName = "[No Variations]"
Add component (AddParameter): Name = "Published"; Value = "8-Jun-2000"; VariantName = "[No Variations]"
Add component (AddParameter): Name = "Publisher"; Value = "Altium Limited"; VariantName = "[No Variations]"
Add component (AddParameter): Name = "Value"; Value = "10uF"; VariantName = "[No Variations]"
Added Component: Designator=C14(0805C)
Add component. Clean all parameters for all variants
Add component (AddParameter): Name = "LatestRevisionDate"; Value = "17-Jul-2002"; VariantName = "[No Variations]"
Add component (AddParameter): Name = "LatestRevisionNote"; Value = "Re-released for DXP Platform."; VariantName = "[No Variations]"
Add component (AddParameter): Name = "PackageDescription"; Value = "Radial Cap, Thru-Hole; 2 Leads; 0.3 in Pin Spacing"; VariantName = "[No Variations]"
Add component (AddParameter): Name = "PackageReference"; Value = "RAD-0.3"; VariantName = "[No Variations]"
Add component (AddParameter): Name = "Published"; Value = "8-Jun-2000"; VariantName = "[No Variations]"
Add component (AddParameter): Name = "Publisher"; Value = "Altium Limited"; VariantName = "[No Variations]"
Add component (AddParameter): Name = "Value"; Value = "100nF"; VariantName = "[No Variations]"
Added Component: Designator=C15(Cap-TA)
Add component. Clean all parameters for all variants
Add component (AddParameter): Name = "LatestRevisionDate"; Value = "17-Jul-2002"; VariantName = "[No Variations]"
Add component (AddParameter): Name = "LatestRevisionNote"; Value = "Re-released for DXP Platform."; VariantName = "[No Variations]"
Add component (AddParameter): Name = "PackageDescription"; Value = "Polarized Capacitor; 2 Leads"; VariantName = "[No Variations]"
Add component (AddParameter): Name = "PackageReference"; Value = "POLAR0.8"; VariantName = "[No Variations]"
Add component (AddParameter): Name = "Published"; Value = "8-Jun-2000"; VariantName = "[No Variations]"
Add component (AddParameter): Name = "Publisher"; Value = "Altium Limited"; VariantName = "[No Variations]"
Add component (AddParameter): Name = "Value"; Value = "10uF"; VariantName = "[No Variations]"
Added Component: Designator=C16(0805C)
Add component. Clean all parameters for all variants
Add component (AddParameter): Name = "LatestRevisionDate"; Value = "17-Jul-2002"; VariantName = "[No Variations]"
Add component (AddParameter): Name = "LatestRevisionNote"; Value = "Re-released for DXP Platform."; VariantName = "[No Variations]"
Add component (AddParameter): Name = "PackageDescription"; Value = "Radial Cap, Thru-Hole; 2 Leads; 0.3 in Pin Spacing"; VariantName = "[No Variations]"
Add component (AddParameter): Name = "PackageReference"; Value = "RAD-0.3"; VariantName = "[No Variations]"
Add component (AddParameter): Name = "Published"; Value = "8-Jun-2000"; VariantName = "[No Variations]"
Add component (AddParameter): Name = "Publisher"; Value = "Altium Limited"; VariantName = "[No Variations]"
Add component (AddParameter): Name = "Value"; Value = "100nF"; VariantName = "[No Variations]"
Added Component: Designator=J1(FPC20-0.5)
Add component. Clean all parameters for all variants
Added Component: Designator=J2(FPC20-0.5)
Add component. Clean all parameters for all variants
Added Component: Designator=P1(HDR1X4)
Add component. Clean all parameters for all variants
Add component (AddParameter): Name = "LatestRevisionDate"; Value = "17-Jul-2002"; VariantName = "[No Variations]"
Add component (AddParameter): Name = "LatestRevisionNote"; Value = "Re-released for DXP Platform."; VariantName = "[No Variations]"
Add component (AddParameter): Name = "Publisher"; Value = "Altium Limited"; VariantName = "[No Variations]"
Added Component: Designator=P2(HDR1X4)
Add component. Clean all parameters for all variants
Add component (AddParameter): Name = "LatestRevisionDate"; Value = "17-Jul-2002"; VariantName = "[No Variations]"
Add component (AddParameter): Name = "LatestRevisionNote"; Value = "Re-released for DXP Platform."; VariantName = "[No Variations]"
Add component (AddParameter): Name = "Publisher"; Value = "Altium Limited"; VariantName = "[No Variations]"
Added Component: Designator=P3(HDR2X9)
Add component. Clean all parameters for all variants
Add component (AddParameter): Name = "LatestRevisionDate"; Value = "17-Jul-2002"; VariantName = "[No Variations]"
Add component (AddParameter): Name = "LatestRevisionNote"; Value = "Re-released for DXP Platform."; VariantName = "[No Variations]"
Add component (AddParameter): Name = "Publisher"; Value = "Altium Limited"; VariantName = "[No Variations]"
Added Component: Designator=P4(HDR1X6)
Add component. Clean all parameters for all variants
Add component (AddParameter): Name = "LatestRevisionDate"; Value = "17-Jul-2002"; VariantName = "[No Variations]"
Add component (AddParameter): Name = "LatestRevisionNote"; Value = "Re-released for DXP Platform."; VariantName = "[No Variations]"
Add component (AddParameter): Name = "Publisher"; Value = "Altium Limited"; VariantName = "[No Variations]"
Added Component: Designator=R1(0805R)
Add component. Clean all parameters for all variants
Add component (AddParameter): Name = "LatestRevisionDate"; Value = "17-Jul-2002"; VariantName = "[No Variations]"
Add component (AddParameter): Name = "LatestRevisionNote"; Value = "Re-released for DXP Platform."; VariantName = "[No Variations]"
Add component (AddParameter): Name = "PackageDescription"; Value = "Axial Device, Thru-Hole; 2 Leads; 0.4 in Pin Spacing"; VariantName = "[No Variations]"
Add component (AddParameter): Name = "PackageReference"; Value = "AXIAL-0.4"; VariantName = "[No Variations]"
Add component (AddParameter): Name = "Published"; Value = "8-Jun-2000"; VariantName = "[No Variations]"
Add component (AddParameter): Name = "Publisher"; Value = "Altium Limited"; VariantName = "[No Variations]"
Add component (AddParameter): Name = "Value"; Value = "100k"; VariantName = "[No Variations]"
Added Component: Designator=R2(0805R)
Add component. Clean all parameters for all variants
Add component (AddParameter): Name = "LatestRevisionDate"; Value = "17-Jul-2002"; VariantName = "[No Variations]"
Add component (AddParameter): Name = "LatestRevisionNote"; Value = "Re-released for DXP Platform."; VariantName = "[No Variations]"
Add component (AddParameter): Name = "PackageDescription"; Value = "Axial Device, Thru-Hole; 2 Leads; 0.4 in Pin Spacing"; VariantName = "[No Variations]"
Add component (AddParameter): Name = "PackageReference"; Value = "AXIAL-0.4"; VariantName = "[No Variations]"
Add component (AddParameter): Name = "Published"; Value = "8-Jun-2000"; VariantName = "[No Variations]"
Add component (AddParameter): Name = "Publisher"; Value = "Altium Limited"; VariantName = "[No Variations]"
Add component (AddParameter): Name = "Value"; Value = "3k3"; VariantName = "[No Variations]"
Added Component: Designator=R3(0805R)
Add component. Clean all parameters for all variants
Add component (AddParameter): Name = "LatestRevisionDate"; Value = "17-Jul-2002"; VariantName = "[No Variations]"
Add component (AddParameter): Name = "LatestRevisionNote"; Value = "Re-released for DXP Platform."; VariantName = "[No Variations]"
Add component (AddParameter): Name = "PackageDescription"; Value = "Axial Device, Thru-Hole; 2 Leads; 0.4 in Pin Spacing"; VariantName = "[No Variations]"
Add component (AddParameter): Name = "PackageReference"; Value = "AXIAL-0.4"; VariantName = "[No Variations]"
Add component (AddParameter): Name = "Published"; Value = "8-Jun-2000"; VariantName = "[No Variations]"
Add component (AddParameter): Name = "Publisher"; Value = "Altium Limited"; VariantName = "[No Variations]"
Add component (AddParameter): Name = "Value"; Value = "3k3"; VariantName = "[No Variations]"
Added Component: Designator=R4(0805R)
Add component. Clean all parameters for all variants
Add component (AddParameter): Name = "LatestRevisionDate"; Value = "17-Jul-2002"; VariantName = "[No Variations]"
Add component (AddParameter): Name = "LatestRevisionNote"; Value = "Re-released for DXP Platform."; VariantName = "[No Variations]"
Add component (AddParameter): Name = "PackageDescription"; Value = "Axial Device, Thru-Hole; 2 Leads; 0.4 in Pin Spacing"; VariantName = "[No Variations]"
Add component (AddParameter): Name = "PackageReference"; Value = "AXIAL-0.4"; VariantName = "[No Variations]"
Add component (AddParameter): Name = "Published"; Value = "8-Jun-2000"; VariantName = "[No Variations]"
Add component (AddParameter): Name = "Publisher"; Value = "Altium Limited"; VariantName = "[No Variations]"
Add component (AddParameter): Name = "Value"; Value = "118k"; VariantName = "[No Variations]"
Added Component: Designator=R5(0805R)
Add component. Clean all parameters for all variants
Add component (AddParameter): Name = "LatestRevisionDate"; Value = "17-Jul-2002"; VariantName = "[No Variations]"
Add component (AddParameter): Name = "LatestRevisionNote"; Value = "Re-released for DXP Platform."; VariantName = "[No Variations]"
Add component (AddParameter): Name = "PackageDescription"; Value = "Axial Device, Thru-Hole; 2 Leads; 0.4 in Pin Spacing"; VariantName = "[No Variations]"
Add component (AddParameter): Name = "PackageReference"; Value = "AXIAL-0.4"; VariantName = "[No Variations]"
Add component (AddParameter): Name = "Published"; Value = "8-Jun-2000"; VariantName = "[No Variations]"
Add component (AddParameter): Name = "Publisher"; Value = "Altium Limited"; VariantName = "[No Variations]"
Add component (AddParameter): Name = "Value"; Value = "100k"; VariantName = "[No Variations]"
Added Component: Designator=R6(0805R)
Add component. Clean all parameters for all variants
Add component (AddParameter): Name = "LatestRevisionDate"; Value = "17-Jul-2002"; VariantName = "[No Variations]"
Add component (AddParameter): Name = "LatestRevisionNote"; Value = "Re-released for DXP Platform."; VariantName = "[No Variations]"
Add component (AddParameter): Name = "PackageDescription"; Value = "Axial Device, Thru-Hole; 2 Leads; 0.4 in Pin Spacing"; VariantName = "[No Variations]"
Add component (AddParameter): Name = "PackageReference"; Value = "AXIAL-0.4"; VariantName = "[No Variations]"
Add component (AddParameter): Name = "Published"; Value = "8-Jun-2000"; VariantName = "[No Variations]"
Add component (AddParameter): Name = "Publisher"; Value = "Altium Limited"; VariantName = "[No Variations]"
Add component (AddParameter): Name = "Value"; Value = "3k3"; VariantName = "[No Variations]"
Added Component: Designator=R7(0805R)
Add component. Clean all parameters for all variants
Add component (AddParameter): Name = "LatestRevisionDate"; Value = "17-Jul-2002"; VariantName = "[No Variations]"
Add component (AddParameter): Name = "LatestRevisionNote"; Value = "Re-released for DXP Platform."; VariantName = "[No Variations]"
Add component (AddParameter): Name = "PackageDescription"; Value = "Axial Device, Thru-Hole; 2 Leads; 0.4 in Pin Spacing"; VariantName = "[No Variations]"
Add component (AddParameter): Name = "PackageReference"; Value = "AXIAL-0.4"; VariantName = "[No Variations]"
Add component (AddParameter): Name = "Published"; Value = "8-Jun-2000"; VariantName = "[No Variations]"
Add component (AddParameter): Name = "Publisher"; Value = "Altium Limited"; VariantName = "[No Variations]"
Add component (AddParameter): Name = "Value"; Value = "3k3"; VariantName = "[No Variations]"
Added Component: Designator=R8(0805R)
Add component. Clean all parameters for all variants
Add component (AddParameter): Name = "LatestRevisionDate"; Value = "17-Jul-2002"; VariantName = "[No Variations]"
Add component (AddParameter): Name = "LatestRevisionNote"; Value = "Re-released for DXP Platform."; VariantName = "[No Variations]"
Add component (AddParameter): Name = "PackageDescription"; Value = "Axial Device, Thru-Hole; 2 Leads; 0.4 in Pin Spacing"; VariantName = "[No Variations]"
Add component (AddParameter): Name = "PackageReference"; Value = "AXIAL-0.4"; VariantName = "[No Variations]"
Add component (AddParameter): Name = "Published"; Value = "8-Jun-2000"; VariantName = "[No Variations]"
Add component (AddParameter): Name = "Publisher"; Value = "Altium Limited"; VariantName = "[No Variations]"
Add component (AddParameter): Name = "Value"; Value = "118k"; VariantName = "[No Variations]"
Added Component: Designator=R9(0805R)
Add component. Clean all parameters for all variants
Add component (AddParameter): Name = "LatestRevisionDate"; Value = "17-Jul-2002"; VariantName = "[No Variations]"
Add component (AddParameter): Name = "LatestRevisionNote"; Value = "Re-released for DXP Platform."; VariantName = "[No Variations]"
Add component (AddParameter): Name = "PackageDescription"; Value = "Axial Device, Thru-Hole; 2 Leads; 0.4 in Pin Spacing"; VariantName = "[No Variations]"
Add component (AddParameter): Name = "PackageReference"; Value = "AXIAL-0.4"; VariantName = "[No Variations]"
Add component (AddParameter): Name = "Published"; Value = "8-Jun-2000"; VariantName = "[No Variations]"
Add component (AddParameter): Name = "Publisher"; Value = "Altium Limited"; VariantName = "[No Variations]"
Add component (AddParameter): Name = "Value"; Value = "0R"; VariantName = "[No Variations]"
Added Component: Designator=R10(0805R)
Add component. Clean all parameters for all variants
Add component (AddParameter): Name = "LatestRevisionDate"; Value = "17-Jul-2002"; VariantName = "[No Variations]"
Add component (AddParameter): Name = "LatestRevisionNote"; Value = "Re-released for DXP Platform."; VariantName = "[No Variations]"
Add component (AddParameter): Name = "PackageDescription"; Value = "Axial Device, Thru-Hole; 2 Leads; 0.4 in Pin Spacing"; VariantName = "[No Variations]"
Add component (AddParameter): Name = "PackageReference"; Value = "AXIAL-0.4"; VariantName = "[No Variations]"
Add component (AddParameter): Name = "Published"; Value = "8-Jun-2000"; VariantName = "[No Variations]"
Add component (AddParameter): Name = "Publisher"; Value = "Altium Limited"; VariantName = "[No Variations]"
Add component (AddParameter): Name = "Value"; Value = "0R"; VariantName = "[No Variations]"
Added Component: Designator=R11(0805R)
Add component. Clean all parameters for all variants
Add component (AddParameter): Name = "LatestRevisionDate"; Value = "17-Jul-2002"; VariantName = "[No Variations]"
Add component (AddParameter): Name = "LatestRevisionNote"; Value = "Re-released for DXP Platform."; VariantName = "[No Variations]"
Add component (AddParameter): Name = "PackageDescription"; Value = "Axial Device, Thru-Hole; 2 Leads; 0.4 in Pin Spacing"; VariantName = "[No Variations]"
Add component (AddParameter): Name = "PackageReference"; Value = "AXIAL-0.4"; VariantName = "[No Variations]"
Add component (AddParameter): Name = "Published"; Value = "8-Jun-2000"; VariantName = "[No Variations]"
Add component (AddParameter): Name = "Publisher"; Value = "Altium Limited"; VariantName = "[No Variations]"
Add component (AddParameter): Name = "Value"; Value = "0R"; VariantName = "[No Variations]"
Added Component: Designator=R12(0805R)
Add component. Clean all parameters for all variants
Add component (AddParameter): Name = "LatestRevisionDate"; Value = "17-Jul-2002"; VariantName = "[No Variations]"
Add component (AddParameter): Name = "LatestRevisionNote"; Value = "Re-released for DXP Platform."; VariantName = "[No Variations]"
Add component (AddParameter): Name = "PackageDescription"; Value = "Axial Device, Thru-Hole; 2 Leads; 0.4 in Pin Spacing"; VariantName = "[No Variations]"
Add component (AddParameter): Name = "PackageReference"; Value = "AXIAL-0.4"; VariantName = "[No Variations]"
Add component (AddParameter): Name = "Published"; Value = "8-Jun-2000"; VariantName = "[No Variations]"
Add component (AddParameter): Name = "Publisher"; Value = "Altium Limited"; VariantName = "[No Variations]"
Add component (AddParameter): Name = "Value"; Value = "0R"; VariantName = "[No Variations]"
Added Component: Designator=R13(0805R)
Add component. Clean all parameters for all variants
Add component (AddParameter): Name = "LatestRevisionDate"; Value = "17-Jul-2002"; VariantName = "[No Variations]"
Add component (AddParameter): Name = "LatestRevisionNote"; Value = "Re-released for DXP Platform."; VariantName = "[No Variations]"
Add component (AddParameter): Name = "PackageDescription"; Value = "Axial Device, Thru-Hole; 2 Leads; 0.4 in Pin Spacing"; VariantName = "[No Variations]"
Add component (AddParameter): Name = "PackageReference"; Value = "AXIAL-0.4"; VariantName = "[No Variations]"
Add component (AddParameter): Name = "Published"; Value = "8-Jun-2000"; VariantName = "[No Variations]"
Add component (AddParameter): Name = "Publisher"; Value = "Altium Limited"; VariantName = "[No Variations]"
Add component (AddParameter): Name = "Value"; Value = "0R"; VariantName = "[No Variations]"
Added Component: Designator=U1(TSSOP16)
Add component. Clean all parameters for all variants
Added Component: Designator=U2(sot23-5)
Add component. Clean all parameters for all variants
Added Component: Designator=U3(TSSOP16)
Add component. Clean all parameters for all variants
Added Component: Designator=U4(sot23-5)
Add component. Clean all parameters for all variants
Added Component: Designator=U5(sop16)
Add component. Clean all parameters for all variants
Added Component: Designator=U6(SOP16)
Add component. Clean all parameters for all variants
Added Component: Designator=U7(sop16)
Add component. Clean all parameters for all variants
Added Component: Designator=U8(sop16)
Add component. Clean all parameters for all variants
Added Component: Designator=U9(sop16)
Add component. Clean all parameters for all variants
Added Pin To Net: NetName=AD7746_A_SCL Pin=P4-1
Added Pin To Net: NetName=AD7746_A_SCL Pin=R2-1
Added Pin To Net: NetName=AD7746_A_SCL Pin=U1-1
Added Net: Name=AD7746_A_SCL
Added Pin To Net: NetName=AD7746_A_SDA Pin=P4-2
Added Pin To Net: NetName=AD7746_A_SDA Pin=R3-1
Added Pin To Net: NetName=AD7746_A_SDA Pin=U1-16
Added Net: Name=AD7746_A_SDA
Added Pin To Net: NetName=AD7746_B_SCL Pin=P4-4
Added Pin To Net: NetName=AD7746_B_SCL Pin=R6-1
Added Pin To Net: NetName=AD7746_B_SCL Pin=U3-1
Added Net: Name=AD7746_B_SCL
Added Pin To Net: NetName=AD7746_B_SDA Pin=P4-5
Added Pin To Net: NetName=AD7746_B_SDA Pin=R7-1
Added Pin To Net: NetName=AD7746_B_SDA Pin=U3-16
Added Net: Name=AD7746_B_SDA
Added Pin To Net: NetName=GND Pin=C1-2
Added Pin To Net: NetName=GND Pin=C2-1
Added Pin To Net: NetName=GND Pin=C3-1
Added Pin To Net: NetName=GND Pin=C4-2
Added Pin To Net: NetName=GND Pin=C5-1
Added Pin To Net: NetName=GND Pin=C6-1
Added Pin To Net: NetName=GND Pin=C7-2
Added Pin To Net: NetName=GND Pin=C8-1
Added Pin To Net: NetName=GND Pin=C9-2
Added Pin To Net: NetName=GND Pin=C10-1
Added Pin To Net: NetName=GND Pin=C11-2
Added Pin To Net: NetName=GND Pin=C12-1
Added Pin To Net: NetName=GND Pin=C13-2
Added Pin To Net: NetName=GND Pin=C14-1
Added Pin To Net: NetName=GND Pin=C15-2
Added Pin To Net: NetName=GND Pin=C16-1
Added Pin To Net: NetName=GND Pin=P1-3
Added Pin To Net: NetName=GND Pin=P1-4
Added Pin To Net: NetName=GND Pin=P2-3
Added Pin To Net: NetName=GND Pin=P2-4
Added Pin To Net: NetName=GND Pin=R9-2
Added Pin To Net: NetName=GND Pin=R10-2
Added Pin To Net: NetName=GND Pin=R11-2
Added Pin To Net: NetName=GND Pin=R12-2
Added Pin To Net: NetName=GND Pin=R13-2
Added Pin To Net: NetName=GND Pin=U1-13
Added Pin To Net: NetName=GND Pin=U2-2
Added Pin To Net: NetName=GND Pin=U3-13
Added Pin To Net: NetName=GND Pin=U4-2
Added Pin To Net: NetName=GND Pin=U5-7
Added Pin To Net: NetName=GND Pin=U5-8
Added Pin To Net: NetName=GND Pin=U6-7
Added Pin To Net: NetName=GND Pin=U6-8
Added Pin To Net: NetName=GND Pin=U7-7
Added Pin To Net: NetName=GND Pin=U7-8
Added Pin To Net: NetName=GND Pin=U8-7
Added Pin To Net: NetName=GND Pin=U8-8
Added Pin To Net: NetName=GND Pin=U9-7
Added Pin To Net: NetName=GND Pin=U9-8
Added Net: Name=GND
Added Pin To Net: NetName=NetR1_1 Pin=R1-1
Added Pin To Net: NetName=NetR1_1 Pin=U1-3
Added Net: Name=NetR1_1
Added Pin To Net: NetName=NetR1_2 Pin=R1-2
Added Pin To Net: NetName=NetR1_2 Pin=R4-1
Added Pin To Net: NetName=NetR1_2 Pin=U2-3
Added Net: Name=NetR1_2
Added Pin To Net: NetName=NetR4_2 Pin=R4-2
Added Pin To Net: NetName=NetR4_2 Pin=U1-4
Added Net: Name=NetR4_2
Added Pin To Net: NetName=NetR5_1 Pin=R5-1
Added Pin To Net: NetName=NetR5_1 Pin=U3-3
Added Net: Name=NetR5_1
Added Pin To Net: NetName=NetR5_2 Pin=R5-2
Added Pin To Net: NetName=NetR5_2 Pin=R8-1
Added Pin To Net: NetName=NetR5_2 Pin=U4-3
Added Net: Name=NetR5_2
Added Pin To Net: NetName=NetR8_2 Pin=R8-2
Added Pin To Net: NetName=NetR8_2 Pin=U3-4
Added Net: Name=NetR8_2
Added Pin To Net: NetName=RDY_A Pin=P4-3
Added Pin To Net: NetName=RDY_A Pin=U1-2
Added Net: Name=RDY_A
Added Pin To Net: NetName=RDY_B Pin=P4-6
Added Pin To Net: NetName=RDY_B Pin=U3-2
Added Net: Name=RDY_B
Added Pin To Net: NetName=Switch1_A Pin=P3-1
Added Pin To Net: NetName=Switch1_A Pin=U6-10
Added Net: Name=Switch1_A
Added Pin To Net: NetName=Switch1_B Pin=P3-3
Added Pin To Net: NetName=Switch1_B Pin=U6-9
Added Net: Name=Switch1_B
Added Pin To Net: NetName=Switch1_INH Pin=P3-5
Added Pin To Net: NetName=Switch1_INH Pin=R10-1
Added Pin To Net: NetName=Switch1_INH Pin=U6-6
Added Net: Name=Switch1_INH
Added Pin To Net: NetName=Switch2_A Pin=P3-7
Added Pin To Net: NetName=Switch2_A Pin=U5-10
Added Net: Name=Switch2_A
Added Pin To Net: NetName=Switch2_B Pin=P3-9
Added Pin To Net: NetName=Switch2_B Pin=U5-9
Added Net: Name=Switch2_B
Added Pin To Net: NetName=Switch2_INH Pin=P3-11
Added Pin To Net: NetName=Switch2_INH Pin=R9-1
Added Pin To Net: NetName=Switch2_INH Pin=U5-6
Added Net: Name=Switch2_INH
Added Pin To Net: NetName=Switch3_A Pin=P3-13
Added Pin To Net: NetName=Switch3_A Pin=U9-10
Added Net: Name=Switch3_A
Added Pin To Net: NetName=Switch3_B Pin=P3-15
Added Pin To Net: NetName=Switch3_B Pin=U9-9
Added Net: Name=Switch3_B
Added Pin To Net: NetName=Switch3_INH Pin=P3-17
Added Pin To Net: NetName=Switch3_INH Pin=R13-1
Added Pin To Net: NetName=Switch3_INH Pin=U9-6
Added Net: Name=Switch3_INH
Added Pin To Net: NetName=Switch4_A Pin=P3-2
Added Pin To Net: NetName=Switch4_A Pin=U8-10
Added Net: Name=Switch4_A
Added Pin To Net: NetName=Switch4_B Pin=P3-4
Added Pin To Net: NetName=Switch4_B Pin=U8-9
Added Net: Name=Switch4_B
Added Pin To Net: NetName=Switch4_INH Pin=P3-6
Added Pin To Net: NetName=Switch4_INH Pin=R12-1
Added Pin To Net: NetName=Switch4_INH Pin=U8-6
Added Net: Name=Switch4_INH
Added Pin To Net: NetName=Switch5_A Pin=P3-8
Added Pin To Net: NetName=Switch5_A Pin=U7-10
Added Net: Name=Switch5_A
Added Pin To Net: NetName=Switch5_B Pin=P3-10
Added Pin To Net: NetName=Switch5_B Pin=U7-9
Added Net: Name=Switch5_B
Added Pin To Net: NetName=Switch5_INH Pin=P3-12
Added Pin To Net: NetName=Switch5_INH Pin=R11-1
Added Pin To Net: NetName=Switch5_INH Pin=U7-6
Added Net: Name=Switch5_INH
Added Pin To Net: NetName=Switch_Down_A Pin=U1-8
Added Pin To Net: NetName=Switch_Down_A Pin=U5-3
Added Pin To Net: NetName=Switch_Down_A Pin=U6-3
Added Net: Name=Switch_Down_A
Added Pin To Net: NetName=Switch_Down_B Pin=U3-8
Added Pin To Net: NetName=Switch_Down_B Pin=U7-3
Added Pin To Net: NetName=Switch_Down_B Pin=U8-3
Added Pin To Net: NetName=Switch_Down_B Pin=U9-3
Added Net: Name=Switch_Down_B
Added Pin To Net: NetName=Switch_Down_CH0 Pin=J1-1
Added Pin To Net: NetName=Switch_Down_CH0 Pin=U6-1
Added Net: Name=Switch_Down_CH0
Added Pin To Net: NetName=Switch_Down_CH1 Pin=J1-2
Added Pin To Net: NetName=Switch_Down_CH1 Pin=U6-5
Added Net: Name=Switch_Down_CH1
Added Pin To Net: NetName=Switch_Down_CH2 Pin=J1-3
Added Pin To Net: NetName=Switch_Down_CH2 Pin=U6-2
Added Net: Name=Switch_Down_CH2
Added Pin To Net: NetName=Switch_Down_CH3 Pin=J1-4
Added Pin To Net: NetName=Switch_Down_CH3 Pin=U6-4
Added Net: Name=Switch_Down_CH3
Added Pin To Net: NetName=Switch_Down_CH4 Pin=J1-5
Added Pin To Net: NetName=Switch_Down_CH4 Pin=U5-1
Added Net: Name=Switch_Down_CH4
Added Pin To Net: NetName=Switch_Down_CH5 Pin=J1-6
Added Pin To Net: NetName=Switch_Down_CH5 Pin=U5-5
Added Net: Name=Switch_Down_CH5
Added Pin To Net: NetName=Switch_Down_CH6 Pin=J1-7
Added Pin To Net: NetName=Switch_Down_CH6 Pin=U5-2
Added Net: Name=Switch_Down_CH6
Added Pin To Net: NetName=Switch_Down_CH7 Pin=J1-8
Added Pin To Net: NetName=Switch_Down_CH7 Pin=U5-4
Added Net: Name=Switch_Down_CH7
Added Pin To Net: NetName=Switch_Down_CH8 Pin=J1-9
Added Pin To Net: NetName=Switch_Down_CH8 Pin=U9-1
Added Net: Name=Switch_Down_CH8
Added Pin To Net: NetName=Switch_Down_CH9 Pin=J1-10
Added Pin To Net: NetName=Switch_Down_CH9 Pin=U9-5
Added Net: Name=Switch_Down_CH9
Added Pin To Net: NetName=Switch_Down_CH10 Pin=J1-11
Added Pin To Net: NetName=Switch_Down_CH10 Pin=U9-2
Added Net: Name=Switch_Down_CH10
Added Pin To Net: NetName=Switch_Down_CH11 Pin=J1-12
Added Pin To Net: NetName=Switch_Down_CH11 Pin=U9-4
Added Net: Name=Switch_Down_CH11
Added Pin To Net: NetName=Switch_Down_CH12 Pin=J1-13
Added Pin To Net: NetName=Switch_Down_CH12 Pin=U8-1
Added Net: Name=Switch_Down_CH12
Added Pin To Net: NetName=Switch_Down_CH13 Pin=J1-14
Added Pin To Net: NetName=Switch_Down_CH13 Pin=U8-5
Added Net: Name=Switch_Down_CH13
Added Pin To Net: NetName=Switch_Down_CH14 Pin=J1-15
Added Pin To Net: NetName=Switch_Down_CH14 Pin=U8-2
Added Net: Name=Switch_Down_CH14
Added Pin To Net: NetName=Switch_Down_CH15 Pin=J1-16
Added Pin To Net: NetName=Switch_Down_CH15 Pin=U8-4
Added Net: Name=Switch_Down_CH15
Added Pin To Net: NetName=Switch_Down_CH16 Pin=J1-17
Added Pin To Net: NetName=Switch_Down_CH16 Pin=U7-1
Added Net: Name=Switch_Down_CH16
Added Pin To Net: NetName=Switch_Down_CH17 Pin=J1-18
Added Pin To Net: NetName=Switch_Down_CH17 Pin=U7-5
Added Net: Name=Switch_Down_CH17
Added Pin To Net: NetName=Switch_Down_CH18 Pin=J1-19
Added Pin To Net: NetName=Switch_Down_CH18 Pin=U7-2
Added Net: Name=Switch_Down_CH18
Added Pin To Net: NetName=Switch_Down_CH19 Pin=J1-20
Added Pin To Net: NetName=Switch_Down_CH19 Pin=U7-4
Added Net: Name=Switch_Down_CH19
Added Pin To Net: NetName=Switch_Up_A Pin=U2-1
Added Pin To Net: NetName=Switch_Up_A Pin=U2-4
Added Pin To Net: NetName=Switch_Up_A Pin=U5-13
Added Pin To Net: NetName=Switch_Up_A Pin=U6-13
Added Net: Name=Switch_Up_A
Added Pin To Net: NetName=Switch_Up_B Pin=U4-1
Added Pin To Net: NetName=Switch_Up_B Pin=U4-4
Added Pin To Net: NetName=Switch_Up_B Pin=U7-13
Added Pin To Net: NetName=Switch_Up_B Pin=U8-13
Added Pin To Net: NetName=Switch_Up_B Pin=U9-13
Added Net: Name=Switch_Up_B
Added Pin To Net: NetName=Switch_Up_CH0 Pin=J2-1
Added Pin To Net: NetName=Switch_Up_CH0 Pin=U6-12
Added Net: Name=Switch_Up_CH0
Added Pin To Net: NetName=Switch_Up_CH1 Pin=J2-2
Added Pin To Net: NetName=Switch_Up_CH1 Pin=U6-14
Added Net: Name=Switch_Up_CH1
Added Pin To Net: NetName=Switch_Up_CH2 Pin=J2-3
Added Pin To Net: NetName=Switch_Up_CH2 Pin=U6-15
Added Net: Name=Switch_Up_CH2
Added Pin To Net: NetName=Switch_Up_CH3 Pin=J2-4
Added Pin To Net: NetName=Switch_Up_CH3 Pin=U6-11
Added Net: Name=Switch_Up_CH3
Added Pin To Net: NetName=Switch_Up_CH4 Pin=J2-5
Added Pin To Net: NetName=Switch_Up_CH4 Pin=U5-12
Added Net: Name=Switch_Up_CH4
Added Pin To Net: NetName=Switch_Up_CH5 Pin=J2-6
Added Pin To Net: NetName=Switch_Up_CH5 Pin=U5-14
Added Net: Name=Switch_Up_CH5
Added Pin To Net: NetName=Switch_Up_CH6 Pin=J2-7
Added Pin To Net: NetName=Switch_Up_CH6 Pin=U5-15
Added Net: Name=Switch_Up_CH6
Added Pin To Net: NetName=Switch_Up_CH7 Pin=J2-8
Added Pin To Net: NetName=Switch_Up_CH7 Pin=U5-11
Added Net: Name=Switch_Up_CH7
Added Pin To Net: NetName=Switch_Up_CH8 Pin=J2-9
Added Pin To Net: NetName=Switch_Up_CH8 Pin=U9-12
Added Net: Name=Switch_Up_CH8
Added Pin To Net: NetName=Switch_Up_CH9 Pin=J2-10
Added Pin To Net: NetName=Switch_Up_CH9 Pin=U9-14
Added Net: Name=Switch_Up_CH9
Added Pin To Net: NetName=Switch_Up_CH10 Pin=J2-11
Added Pin To Net: NetName=Switch_Up_CH10 Pin=U9-15
Added Net: Name=Switch_Up_CH10
Added Pin To Net: NetName=Switch_Up_CH11 Pin=J2-12
Added Pin To Net: NetName=Switch_Up_CH11 Pin=U9-11
Added Net: Name=Switch_Up_CH11
Added Pin To Net: NetName=Switch_Up_CH12 Pin=J2-13
Added Pin To Net: NetName=Switch_Up_CH12 Pin=U8-12
Added Net: Name=Switch_Up_CH12
Added Pin To Net: NetName=Switch_Up_CH13 Pin=J2-14
Added Pin To Net: NetName=Switch_Up_CH13 Pin=U8-14
Added Net: Name=Switch_Up_CH13
Added Pin To Net: NetName=Switch_Up_CH14 Pin=J2-15
Added Pin To Net: NetName=Switch_Up_CH14 Pin=U8-15
Added Net: Name=Switch_Up_CH14
Added Pin To Net: NetName=Switch_Up_CH15 Pin=J2-16
Added Pin To Net: NetName=Switch_Up_CH15 Pin=U8-11
Added Net: Name=Switch_Up_CH15
Added Pin To Net: NetName=Switch_Up_CH16 Pin=J2-17
Added Pin To Net: NetName=Switch_Up_CH16 Pin=U7-12
Added Net: Name=Switch_Up_CH16
Added Pin To Net: NetName=Switch_Up_CH17 Pin=J2-18
Added Pin To Net: NetName=Switch_Up_CH17 Pin=U7-14
Added Net: Name=Switch_Up_CH17
Added Pin To Net: NetName=Switch_Up_CH18 Pin=J2-19
Added Pin To Net: NetName=Switch_Up_CH18 Pin=U7-15
Added Net: Name=Switch_Up_CH18
Added Pin To Net: NetName=Switch_Up_CH19 Pin=J2-20
Added Pin To Net: NetName=Switch_Up_CH19 Pin=U7-11
Added Net: Name=Switch_Up_CH19
Added Pin To Net: NetName=VDD_3V3 Pin=C7-1
Added Pin To Net: NetName=VDD_3V3 Pin=C8-2
Added Pin To Net: NetName=VDD_3V3 Pin=C9-1
Added Pin To Net: NetName=VDD_3V3 Pin=C10-2
Added Pin To Net: NetName=VDD_3V3 Pin=C11-1
Added Pin To Net: NetName=VDD_3V3 Pin=C12-2
Added Pin To Net: NetName=VDD_3V3 Pin=C13-1
Added Pin To Net: NetName=VDD_3V3 Pin=C14-2
Added Pin To Net: NetName=VDD_3V3 Pin=C15-1
Added Pin To Net: NetName=VDD_3V3 Pin=C16-2
Added Pin To Net: NetName=VDD_3V3 Pin=P2-1
Added Pin To Net: NetName=VDD_3V3 Pin=P2-2
Added Pin To Net: NetName=VDD_3V3 Pin=U5-16
Added Pin To Net: NetName=VDD_3V3 Pin=U6-16
Added Pin To Net: NetName=VDD_3V3 Pin=U7-16
Added Pin To Net: NetName=VDD_3V3 Pin=U8-16
Added Pin To Net: NetName=VDD_3V3 Pin=U9-16
Added Net: Name=VDD_3V3
Added Pin To Net: NetName=VDD_5V Pin=C1-1
Added Pin To Net: NetName=VDD_5V Pin=C2-2
Added Pin To Net: NetName=VDD_5V Pin=C3-2
Added Pin To Net: NetName=VDD_5V Pin=C4-1
Added Pin To Net: NetName=VDD_5V Pin=C5-2
Added Pin To Net: NetName=VDD_5V Pin=C6-2
Added Pin To Net: NetName=VDD_5V Pin=P1-1
Added Pin To Net: NetName=VDD_5V Pin=P1-2
Added Pin To Net: NetName=VDD_5V Pin=R2-2
Added Pin To Net: NetName=VDD_5V Pin=R3-2
Added Pin To Net: NetName=VDD_5V Pin=R6-2
Added Pin To Net: NetName=VDD_5V Pin=R7-2
Added Pin To Net: NetName=VDD_5V Pin=U1-14
Added Pin To Net: NetName=VDD_5V Pin=U2-5
Added Pin To Net: NetName=VDD_5V Pin=U3-14
Added Pin To Net: NetName=VDD_5V Pin=U4-5
Added Net: Name=VDD_5V
Added Class: Name=Cap_Sensor_Hand
Added Room: Name=Cap_Sensor_Hand
