Removed Pin From Net: NetName=ADC7 Pin=P5-1
Removed Pin From Net: NetName=ADC8 Pin=P6-1
Removed Pin From Net: NetName=ADC9 Pin=P7-1
Removed Pin From Net: NetName=ADC13 Pin=P8-1
Removed Pin From Net: NetName=ADC14 Pin=P9-1
Removed Pin From Net: NetName=ADC15 Pin=P10-1
Removed Pin From Net: NetName=ADC4 Pin=P12-1
Removed Pin From Net: NetName=ADC5 Pin=P13-1
Removed Pin From Net: NetName=ADC6 Pin=P14-1
Removed Pin From Net: NetName=ADC10 Pin=P15-1
Removed Pin From Net: NetName=ADC11 Pin=P16-1
Removed Pin From Net: NetName=ADC12 Pin=P17-1
Removed Pin From Net: NetName=ADC7 Pin=R5-1
Removed Pin From Net: NetName=ADC8 Pin=R6-1
Removed Pin From Net: NetName=ADC9 Pin=R7-1
Removed Pin From Net: NetName=ADC13 Pin=R8-1
Removed Pin From Net: NetName=ADC14 Pin=R9-1
Removed Pin From Net: NetName=ADC15 Pin=R10-1
Removed Pin From Net: NetName=ADC4 Pin=R11-1
Removed Pin From Net: NetName=ADC5 Pin=R12-1
Removed Pin From Net: NetName=ADC6 Pin=R13-1
Removed Pin From Net: NetName=ADC10 Pin=R14-1
Removed Pin From Net: NetName=ADC11 Pin=R15-1
Removed Pin From Net: NetName=ADC12 Pin=R16-1
Added Pin To Net: NetName=ADC4 Pin=P5-1
Added Pin To Net: NetName=ADC5 Pin=P6-1
Added Pin To Net: NetName=ADC6 Pin=P7-1
Added Pin To Net: NetName=ADC7 Pin=P8-1
Added Pin To Net: NetName=ADC8 Pin=P9-1
Added Pin To Net: NetName=ADC9 Pin=P10-1
Added Pin To Net: NetName=ADC10 Pin=P12-1
Added Pin To Net: NetName=ADC11 Pin=P13-1
Added Pin To Net: NetName=ADC12 Pin=P14-1
Added Pin To Net: NetName=ADC13 Pin=P15-1
Added Pin To Net: NetName=ADC14 Pin=P16-1
Added Pin To Net: NetName=ADC15 Pin=P17-1
Added Pin To Net: NetName=ADC4 Pin=R5-1
Added Pin To Net: NetName=ADC5 Pin=R6-1
Added Pin To Net: NetName=ADC6 Pin=R7-1
Added Pin To Net: NetName=ADC7 Pin=R8-1
Added Pin To Net: NetName=ADC8 Pin=R9-1
Added Pin To Net: NetName=ADC9 Pin=R10-1
Added Pin To Net: NetName=ADC10 Pin=R11-1
Added Pin To Net: NetName=ADC11 Pin=R12-1
Added Pin To Net: NetName=ADC12 Pin=R13-1
Added Pin To Net: NetName=ADC13 Pin=R14-1
Added Pin To Net: NetName=ADC14 Pin=R15-1
Added Pin To Net: NetName=ADC15 Pin=R16-1
Added Room: Name=µç×è
